04 Sep 2022 20:42:38,209 INFO com.sismics.util.jpa.EMF.getEntityManagerProperties(EMF.java:67) Configuring EntityManager from hibernate.properties 
04 Sep 2022 20:42:40,598 INFO com.sismics.util.jpa.DbOpenHelper.open(DbOpenHelper.java:57) Opening database and executing incremental updates 
04 Sep 2022 20:42:40,605 INFO com.sismics.util.jpa.DbOpenHelper.open(DbOpenHelper.java:106) Found database version 27, new version is 27, executing database incremental update scripts 
04 Sep 2022 20:42:40,606 INFO com.sismics.util.jpa.DbOpenHelper.open(DbOpenHelper.java:108) Database upgrade complete 
04 Sep 2022 20:42:40,607 INFO com.sismics.util.jpa.EMF.getEntityManagerProperties(EMF.java:67) Configuring EntityManager from hibernate.properties 
04 Sep 2022 20:42:49,941 INFO com.sismics.util.ClasspathScanner.findClasses(ClasspathScanner.java:48) Found 1 classes for IndexingHandler 
04 Sep 2022 20:42:50,252 INFO com.sismics.docs.core.util.indexing.LuceneIndexingHandler.initLucene(LuceneIndexingHandler.java:115) Using RAM Lucene storage 
04 Sep 2022 20:42:50,914 INFO com.sismics.docs.core.service.FileService.startUp(FileService.java:39) File service starting up 
04 Sep 2022 20:42:50,933 INFO com.sismics.docs.core.service.InboxService.startUp(InboxService.java:55) Inbox service starting up 
04 Sep 2022 20:43:43,179 INFO com.sismics.util.ClasspathScanner.findClasses(ClasspathScanner.java:48) Found 2 classes for AuthenticationHandler 
05 Sep 2022 12:02:26,556 WARN org.hibernate.engine.jdbc.spi.SqlExceptionHelper.logExceptions(SqlExceptionHelper.java:137) SQL Error: 90121, SQLState: 90121 
05 Sep 2022 12:02:26,602 ERROR org.hibernate.engine.jdbc.spi.SqlExceptionHelper.logExceptions(SqlExceptionHelper.java:142) Database is already closed (to disable automatic closing at VM shutdown, add ";DB_CLOSE_ON_EXIT=FALSE" to the db URL) [90121-199] 
05 Sep 2022 12:02:26,980 ERROR com.sismics.util.filter.RequestContextFilter.doFilter(RequestContextFilter.java:95) An exception occured, rolling back current transaction 
javax.persistence.PersistenceException: org.hibernate.exception.JDBCConnectionException: could not prepare statement
	at org.hibernate.internal.ExceptionConverterImpl.convert(ExceptionConverterImpl.java:154)
	at org.hibernate.query.internal.AbstractProducedQuery.list(AbstractProducedQuery.java:1602)
	at org.hibernate.query.Query.getResultList(Query.java:165)
	at com.sismics.docs.core.dao.GroupDao.findByCriteria(GroupDao.java:193)
	at com.sismics.util.filter.SecurityFilter.injectAuthenticatedUser(SecurityFilter.java:79)
	at com.sismics.util.filter.SecurityFilter.injectUser(SecurityFilter.java:61)
	at com.sismics.util.filter.SecurityFilter.doFilter(SecurityFilter.java:131)
	at org.eclipse.jetty.servlet.FilterHolder.doFilter(FilterHolder.java:193)
	at org.eclipse.jetty.servlet.ServletHandler$Chain.doFilter(ServletHandler.java:1601)
	at com.sismics.util.filter.RequestContextFilter.doFilter(RequestContextFilter.java:89)
	at org.eclipse.jetty.servlet.FilterHolder.doFilter(FilterHolder.java:193)
	at org.eclipse.jetty.servlet.ServletHandler$Chain.doFilter(ServletHandler.java:1601)
	at com.sismics.util.filter.CorsFilter.doFilter(CorsFilter.java:39)
	at org.eclipse.jetty.servlet.FilterHolder.doFilter(FilterHolder.java:193)
	at org.eclipse.jetty.servlet.ServletHandler$Chain.doFilter(ServletHandler.java:1601)
	at org.eclipse.jetty.servlet.ServletHandler.doHandle(ServletHandler.java:548)
	at org.eclipse.jetty.server.handler.ScopedHandler.handle(ScopedHandler.java:143)
	at org.eclipse.jetty.security.SecurityHandler.handle(SecurityHandler.java:602)
	at org.eclipse.jetty.server.handler.HandlerWrapper.handle(HandlerWrapper.java:127)
	at org.eclipse.jetty.server.handler.ScopedHandler.nextHandle(ScopedHandler.java:235)
	at org.eclipse.jetty.server.session.SessionHandler.doHandle(SessionHandler.java:1624)
	at org.eclipse.jetty.server.handler.ScopedHandler.nextHandle(ScopedHandler.java:233)
	at org.eclipse.jetty.server.handler.ContextHandler.doHandle(ContextHandler.java:1435)
	at org.eclipse.jetty.server.handler.ScopedHandler.nextScope(ScopedHandler.java:188)
	at org.eclipse.jetty.servlet.ServletHandler.doScope(ServletHandler.java:501)
	at org.eclipse.jetty.server.session.SessionHandler.doScope(SessionHandler.java:1594)
	at org.eclipse.jetty.server.handler.ScopedHandler.nextScope(ScopedHandler.java:186)
	at org.eclipse.jetty.server.handler.ContextHandler.doScope(ContextHandler.java:1350)
	at org.eclipse.jetty.server.handler.ScopedHandler.handle(ScopedHandler.java:141)
	at org.eclipse.jetty.server.handler.ContextHandlerCollection.handle(ContextHandlerCollection.java:191)
	at org.eclipse.jetty.server.handler.HandlerCollection.handle(HandlerCollection.java:146)
	at org.eclipse.jetty.server.handler.HandlerWrapper.handle(HandlerWrapper.java:127)
	at org.eclipse.jetty.server.Server.handle(Server.java:516)
	at org.eclipse.jetty.server.HttpChannel.lambda$handle$1(HttpChannel.java:388)
	at org.eclipse.jetty.server.HttpChannel.dispatch(HttpChannel.java:633)
	at org.eclipse.jetty.server.HttpChannel.handle(HttpChannel.java:380)
	at org.eclipse.jetty.server.HttpConnection.onFillable(HttpConnection.java:273)
	at org.eclipse.jetty.io.AbstractConnection$ReadCallback.succeeded(AbstractConnection.java:311)
	at org.eclipse.jetty.io.FillInterest.fillable(FillInterest.java:105)
	at org.eclipse.jetty.io.ChannelEndPoint$1.run(ChannelEndPoint.java:104)
	at org.eclipse.jetty.util.thread.QueuedThreadPool.runJob(QueuedThreadPool.java:773)
	at org.eclipse.jetty.util.thread.QueuedThreadPool$Runner.run(QueuedThreadPool.java:905)
	at java.base/java.lang.Thread.run(Thread.java:834)
Caused by: org.hibernate.exception.JDBCConnectionException: could not prepare statement
	at org.hibernate.exception.internal.SQLExceptionTypeDelegate.convert(SQLExceptionTypeDelegate.java:48)
	at org.hibernate.exception.internal.StandardSQLExceptionConverter.convert(StandardSQLExceptionConverter.java:42)
	at org.hibernate.engine.jdbc.spi.SqlExceptionHelper.convert(SqlExceptionHelper.java:113)
	at org.hibernate.engine.jdbc.internal.StatementPreparerImpl$StatementPreparationTemplate.prepareStatement(StatementPreparerImpl.java:186)
	at org.hibernate.engine.jdbc.internal.StatementPreparerImpl.prepareQueryStatement(StatementPreparerImpl.java:151)
	at org.hibernate.loader.Loader.prepareQueryStatement(Loader.java:2104)
	at org.hibernate.loader.Loader.executeQueryStatement(Loader.java:2041)
	at org.hibernate.loader.Loader.executeQueryStatement(Loader.java:2019)
	at org.hibernate.loader.Loader.doQuery(Loader.java:948)
	at org.hibernate.loader.Loader.doQueryAndInitializeNonLazyCollections(Loader.java:349)
	at org.hibernate.loader.Loader.doList(Loader.java:2850)
	at org.hibernate.loader.Loader.doList(Loader.java:2832)
	at org.hibernate.loader.Loader.listIgnoreQueryCache(Loader.java:2664)
	at org.hibernate.loader.Loader.list(Loader.java:2659)
	at org.hibernate.loader.custom.CustomLoader.list(CustomLoader.java:338)
	at org.hibernate.internal.SessionImpl.listCustomQuery(SessionImpl.java:2141)
	at org.hibernate.internal.AbstractSharedSessionContract.list(AbstractSharedSessionContract.java:1163)
	at org.hibernate.query.internal.NativeQueryImpl.doList(NativeQueryImpl.java:176)
	at org.hibernate.query.internal.AbstractProducedQuery.list(AbstractProducedQuery.java:1593)
	... 41 more
Caused by: org.h2.jdbc.JdbcSQLNonTransientConnectionException: Database is already closed (to disable automatic closing at VM shutdown, add ";DB_CLOSE_ON_EXIT=FALSE" to the db URL) [90121-199]
	at org.h2.message.DbException.getJdbcSQLException(DbException.java:617)
	at org.h2.message.DbException.getJdbcSQLException(DbException.java:427)
	at org.h2.message.DbException.get(DbException.java:205)
	at org.h2.message.DbException.get(DbException.java:181)
	at org.h2.message.DbException.get(DbException.java:170)
	at org.h2.jdbc.JdbcConnection.checkClosed(JdbcConnection.java:1571)
	at org.h2.jdbc.JdbcConnection.checkClosed(JdbcConnection.java:1547)
	at org.h2.jdbc.JdbcConnection.prepareStatement(JdbcConnection.java:347)
	at com.mchange.v2.c3p0.impl.NewProxyConnection.prepareStatement(NewProxyConnection.java:567)
	at org.hibernate.engine.jdbc.internal.StatementPreparerImpl$5.doPrepare(StatementPreparerImpl.java:149)
	at org.hibernate.engine.jdbc.internal.StatementPreparerImpl$StatementPreparationTemplate.prepareStatement(StatementPreparerImpl.java:176)
	... 56 more
05 Sep 2022 12:02:28,840 WARN com.mchange.v2.log.slf4j.Slf4jMLog$Slf4jMLogger$WarnLogger.log(Slf4jMLog.java:220) [c3p0] A PooledConnection that has already signalled a Connection error is still in use! 
05 Sep 2022 12:02:28,846 WARN com.mchange.v2.log.slf4j.Slf4jMLog$Slf4jMLogger$WarnLogger.log(Slf4jMLog.java:223) [c3p0] Another error has occurred [ org.h2.jdbc.JdbcSQLNonTransientConnectionException: Database is already closed (to disable automatic closing at VM shutdown, add ";DB_CLOSE_ON_EXIT=FALSE" to the db URL) [90121-199] ] which will not be reported to listeners! 
org.h2.jdbc.JdbcSQLNonTransientConnectionException: Database is already closed (to disable automatic closing at VM shutdown, add ";DB_CLOSE_ON_EXIT=FALSE" to the db URL) [90121-199]
	at org.h2.message.DbException.getJdbcSQLException(DbException.java:617)
	at org.h2.message.DbException.getJdbcSQLException(DbException.java:427)
	at org.h2.message.DbException.get(DbException.java:205)
	at org.h2.message.DbException.get(DbException.java:181)
	at org.h2.message.DbException.get(DbException.java:170)
	at org.h2.jdbc.JdbcConnection.checkClosed(JdbcConnection.java:1571)
	at org.h2.jdbc.JdbcConnection.checkClosedForWrite(JdbcConnection.java:1557)
	at org.h2.jdbc.JdbcConnection.rollback(JdbcConnection.java:561)
	at com.mchange.v2.c3p0.impl.NewProxyConnection.rollback(NewProxyConnection.java:1033)
	at org.hibernate.resource.jdbc.internal.AbstractLogicalConnectionImplementor.rollback(AbstractLogicalConnectionImplementor.java:121)
	at org.hibernate.resource.transaction.backend.jdbc.internal.JdbcResourceLocalTransactionCoordinatorImpl$TransactionDriverControlImpl.rollback(JdbcResourceLocalTransactionCoordinatorImpl.java:304)
	at org.hibernate.engine.transaction.internal.TransactionImpl.rollback(TransactionImpl.java:142)
	at com.sismics.util.filter.RequestContextFilter.doFilter(RequestContextFilter.java:100)
	at org.eclipse.jetty.servlet.FilterHolder.doFilter(FilterHolder.java:193)
	at org.eclipse.jetty.servlet.ServletHandler$Chain.doFilter(ServletHandler.java:1601)
	at com.sismics.util.filter.CorsFilter.doFilter(CorsFilter.java:39)
	at org.eclipse.jetty.servlet.FilterHolder.doFilter(FilterHolder.java:193)
	at org.eclipse.jetty.servlet.ServletHandler$Chain.doFilter(ServletHandler.java:1601)
	at org.eclipse.jetty.servlet.ServletHandler.doHandle(ServletHandler.java:548)
	at org.eclipse.jetty.server.handler.ScopedHandler.handle(ScopedHandler.java:143)
	at org.eclipse.jetty.security.SecurityHandler.handle(SecurityHandler.java:602)
	at org.eclipse.jetty.server.handler.HandlerWrapper.handle(HandlerWrapper.java:127)
	at org.eclipse.jetty.server.handler.ScopedHandler.nextHandle(ScopedHandler.java:235)
	at org.eclipse.jetty.server.session.SessionHandler.doHandle(SessionHandler.java:1624)
	at org.eclipse.jetty.server.handler.ScopedHandler.nextHandle(ScopedHandler.java:233)
	at org.eclipse.jetty.server.handler.ContextHandler.doHandle(ContextHandler.java:1435)
	at org.eclipse.jetty.server.handler.ScopedHandler.nextScope(ScopedHandler.java:188)
	at org.eclipse.jetty.servlet.ServletHandler.doScope(ServletHandler.java:501)
	at org.eclipse.jetty.server.session.SessionHandler.doScope(SessionHandler.java:1594)
	at org.eclipse.jetty.server.handler.ScopedHandler.nextScope(ScopedHandler.java:186)
	at org.eclipse.jetty.server.handler.ContextHandler.doScope(ContextHandler.java:1350)
	at org.eclipse.jetty.server.handler.ScopedHandler.handle(ScopedHandler.java:141)
	at org.eclipse.jetty.server.handler.ContextHandlerCollection.handle(ContextHandlerCollection.java:191)
	at org.eclipse.jetty.server.handler.HandlerCollection.handle(HandlerCollection.java:146)
	at org.eclipse.jetty.server.handler.HandlerWrapper.handle(HandlerWrapper.java:127)
	at org.eclipse.jetty.server.Server.handle(Server.java:516)
	at org.eclipse.jetty.server.HttpChannel.lambda$handle$1(HttpChannel.java:388)
	at org.eclipse.jetty.server.HttpChannel.dispatch(HttpChannel.java:633)
	at org.eclipse.jetty.server.HttpChannel.handle(HttpChannel.java:380)
	at org.eclipse.jetty.server.HttpConnection.onFillable(HttpConnection.java:273)
	at org.eclipse.jetty.io.AbstractConnection$ReadCallback.succeeded(AbstractConnection.java:311)
	at org.eclipse.jetty.io.FillInterest.fillable(FillInterest.java:105)
	at org.eclipse.jetty.io.ChannelEndPoint$1.run(ChannelEndPoint.java:104)
	at org.eclipse.jetty.util.thread.QueuedThreadPool.runJob(QueuedThreadPool.java:773)
	at org.eclipse.jetty.util.thread.QueuedThreadPool$Runner.run(QueuedThreadPool.java:905)
	at java.base/java.lang.Thread.run(Thread.java:834)
05 Sep 2022 12:02:29,305 INFO com.sismics.docs.core.service.InboxService.shutDown(InboxService.java:60) Inbox service shutting down 
05 Sep 2022 12:02:29,311 INFO com.sismics.docs.core.service.FileService.shutDown(FileService.java:44) File service shutting down 
05 Sep 2022 17:28:17,612 INFO com.sismics.util.jpa.EMF.getEntityManagerProperties(EMF.java:67) Configuring EntityManager from hibernate.properties 
05 Sep 2022 17:28:20,488 INFO com.sismics.util.jpa.DbOpenHelper.open(DbOpenHelper.java:57) Opening database and executing incremental updates 
05 Sep 2022 17:28:20,509 INFO com.sismics.util.jpa.DbOpenHelper.open(DbOpenHelper.java:106) Found database version 27, new version is 27, executing database incremental update scripts 
05 Sep 2022 17:28:20,511 INFO com.sismics.util.jpa.DbOpenHelper.open(DbOpenHelper.java:108) Database upgrade complete 
05 Sep 2022 17:28:20,525 INFO com.sismics.util.jpa.EMF.getEntityManagerProperties(EMF.java:67) Configuring EntityManager from hibernate.properties 
05 Sep 2022 17:28:26,699 INFO com.sismics.util.ClasspathScanner.findClasses(ClasspathScanner.java:48) Found 1 classes for IndexingHandler 
05 Sep 2022 17:28:26,850 INFO com.sismics.docs.core.util.indexing.LuceneIndexingHandler.initLucene(LuceneIndexingHandler.java:115) Using RAM Lucene storage 
05 Sep 2022 17:28:27,400 INFO com.sismics.docs.core.service.FileService.startUp(FileService.java:39) File service starting up 
05 Sep 2022 17:28:27,443 INFO com.sismics.docs.core.service.InboxService.startUp(InboxService.java:55) Inbox service starting up 
06 Sep 2022 13:39:24,260 INFO com.sismics.docs.core.service.InboxService.shutDown(InboxService.java:60) Inbox service shutting down 
06 Sep 2022 13:39:24,278 INFO com.sismics.docs.core.service.FileService.shutDown(FileService.java:44) File service shutting down 
06 Sep 2022 13:39:55,231 INFO com.sismics.util.jpa.EMF.getEntityManagerProperties(EMF.java:67) Configuring EntityManager from hibernate.properties 
06 Sep 2022 13:39:57,734 INFO com.sismics.util.jpa.DbOpenHelper.open(DbOpenHelper.java:57) Opening database and executing incremental updates 
06 Sep 2022 13:39:57,744 INFO com.sismics.util.jpa.DbOpenHelper.open(DbOpenHelper.java:106) Found database version 27, new version is 27, executing database incremental update scripts 
06 Sep 2022 13:39:57,745 INFO com.sismics.util.jpa.DbOpenHelper.open(DbOpenHelper.java:108) Database upgrade complete 
06 Sep 2022 13:39:57,746 INFO com.sismics.util.jpa.EMF.getEntityManagerProperties(EMF.java:67) Configuring EntityManager from hibernate.properties 
06 Sep 2022 13:40:03,640 INFO com.sismics.util.ClasspathScanner.findClasses(ClasspathScanner.java:48) Found 1 classes for IndexingHandler 
06 Sep 2022 13:40:03,830 INFO com.sismics.docs.core.util.indexing.LuceneIndexingHandler.initLucene(LuceneIndexingHandler.java:115) Using RAM Lucene storage 
06 Sep 2022 13:40:04,447 INFO com.sismics.docs.core.service.FileService.startUp(FileService.java:39) File service starting up 
06 Sep 2022 13:40:04,532 INFO com.sismics.docs.core.service.InboxService.startUp(InboxService.java:55) Inbox service starting up 
06 Sep 2022 13:42:23,248 INFO com.sismics.docs.core.service.InboxService.shutDown(InboxService.java:60) Inbox service shutting down 
06 Sep 2022 13:42:23,253 INFO com.sismics.docs.core.service.FileService.shutDown(FileService.java:44) File service shutting down 
06 Sep 2022 13:42:47,832 INFO com.sismics.util.jpa.EMF.getEntityManagerProperties(EMF.java:67) Configuring EntityManager from hibernate.properties 
06 Sep 2022 13:42:51,597 INFO com.sismics.util.jpa.DbOpenHelper.open(DbOpenHelper.java:57) Opening database and executing incremental updates 
06 Sep 2022 13:42:51,617 INFO com.sismics.util.jpa.DbOpenHelper.open(DbOpenHelper.java:106) Found database version 27, new version is 27, executing database incremental update scripts 
06 Sep 2022 13:42:51,618 INFO com.sismics.util.jpa.DbOpenHelper.open(DbOpenHelper.java:108) Database upgrade complete 
06 Sep 2022 13:42:51,619 INFO com.sismics.util.jpa.EMF.getEntityManagerProperties(EMF.java:67) Configuring EntityManager from hibernate.properties 
06 Sep 2022 13:42:59,525 INFO com.sismics.util.ClasspathScanner.findClasses(ClasspathScanner.java:48) Found 1 classes for IndexingHandler 
06 Sep 2022 13:42:59,857 INFO com.sismics.docs.core.util.indexing.LuceneIndexingHandler.initLucene(LuceneIndexingHandler.java:115) Using RAM Lucene storage 
06 Sep 2022 13:43:00,368 INFO com.sismics.docs.core.service.FileService.startUp(FileService.java:39) File service starting up 
06 Sep 2022 13:43:00,417 INFO com.sismics.docs.core.service.InboxService.startUp(InboxService.java:55) Inbox service starting up 
06 Sep 2022 13:51:12,599 INFO com.sismics.docs.core.service.InboxService.shutDown(InboxService.java:60) Inbox service shutting down 
06 Sep 2022 13:51:12,603 INFO com.sismics.docs.core.service.FileService.shutDown(FileService.java:44) File service shutting down 
06 Sep 2022 13:51:31,146 INFO com.sismics.util.jpa.EMF.getEntityManagerProperties(EMF.java:67) Configuring EntityManager from hibernate.properties 
06 Sep 2022 13:51:34,755 INFO com.sismics.util.jpa.DbOpenHelper.open(DbOpenHelper.java:57) Opening database and executing incremental updates 
06 Sep 2022 13:51:34,781 INFO com.sismics.util.jpa.DbOpenHelper.open(DbOpenHelper.java:106) Found database version 27, new version is 27, executing database incremental update scripts 
06 Sep 2022 13:51:34,782 INFO com.sismics.util.jpa.DbOpenHelper.open(DbOpenHelper.java:108) Database upgrade complete 
06 Sep 2022 13:51:34,793 INFO com.sismics.util.jpa.EMF.getEntityManagerProperties(EMF.java:67) Configuring EntityManager from hibernate.properties 
06 Sep 2022 13:51:40,059 INFO com.sismics.util.ClasspathScanner.findClasses(ClasspathScanner.java:48) Found 1 classes for IndexingHandler 
06 Sep 2022 13:51:40,177 INFO com.sismics.docs.core.util.indexing.LuceneIndexingHandler.initLucene(LuceneIndexingHandler.java:115) Using RAM Lucene storage 
06 Sep 2022 13:51:40,503 INFO com.sismics.docs.core.service.FileService.startUp(FileService.java:39) File service starting up 
06 Sep 2022 13:51:40,526 INFO com.sismics.docs.core.service.InboxService.startUp(InboxService.java:55) Inbox service starting up 
06 Sep 2022 14:16:32,247 INFO com.sismics.docs.core.service.InboxService.shutDown(InboxService.java:60) Inbox service shutting down 
06 Sep 2022 14:16:32,255 INFO com.sismics.docs.core.service.FileService.shutDown(FileService.java:44) File service shutting down 
06 Sep 2022 14:17:02,181 INFO com.sismics.util.jpa.EMF.getEntityManagerProperties(EMF.java:67) Configuring EntityManager from hibernate.properties 
06 Sep 2022 14:17:06,349 INFO com.sismics.util.jpa.DbOpenHelper.open(DbOpenHelper.java:57) Opening database and executing incremental updates 
06 Sep 2022 14:17:06,375 INFO com.sismics.util.jpa.DbOpenHelper.open(DbOpenHelper.java:106) Found database version 27, new version is 27, executing database incremental update scripts 
06 Sep 2022 14:17:06,376 INFO com.sismics.util.jpa.DbOpenHelper.open(DbOpenHelper.java:108) Database upgrade complete 
06 Sep 2022 14:17:06,378 INFO com.sismics.util.jpa.EMF.getEntityManagerProperties(EMF.java:67) Configuring EntityManager from hibernate.properties 
06 Sep 2022 14:17:14,230 INFO com.sismics.util.ClasspathScanner.findClasses(ClasspathScanner.java:48) Found 1 classes for IndexingHandler 
06 Sep 2022 14:17:14,394 INFO com.sismics.docs.core.util.indexing.LuceneIndexingHandler.initLucene(LuceneIndexingHandler.java:115) Using RAM Lucene storage 
06 Sep 2022 14:17:14,967 INFO com.sismics.docs.core.service.FileService.startUp(FileService.java:39) File service starting up 
06 Sep 2022 14:17:15,005 INFO com.sismics.docs.core.service.InboxService.startUp(InboxService.java:55) Inbox service starting up 
06 Sep 2022 14:19:27,648 INFO com.sismics.docs.core.service.InboxService.shutDown(InboxService.java:60) Inbox service shutting down 
06 Sep 2022 14:19:27,654 INFO com.sismics.docs.core.service.FileService.shutDown(FileService.java:44) File service shutting down 
06 Sep 2022 14:19:46,950 INFO com.sismics.util.jpa.EMF.getEntityManagerProperties(EMF.java:67) Configuring EntityManager from hibernate.properties 
06 Sep 2022 14:19:48,887 INFO com.sismics.util.jpa.DbOpenHelper.open(DbOpenHelper.java:57) Opening database and executing incremental updates 
06 Sep 2022 14:19:48,900 INFO com.sismics.util.jpa.DbOpenHelper.open(DbOpenHelper.java:106) Found database version 27, new version is 27, executing database incremental update scripts 
06 Sep 2022 14:19:48,901 INFO com.sismics.util.jpa.DbOpenHelper.open(DbOpenHelper.java:108) Database upgrade complete 
06 Sep 2022 14:19:48,913 INFO com.sismics.util.jpa.EMF.getEntityManagerProperties(EMF.java:67) Configuring EntityManager from hibernate.properties 
06 Sep 2022 14:19:54,790 INFO com.sismics.util.ClasspathScanner.findClasses(ClasspathScanner.java:48) Found 1 classes for IndexingHandler 
06 Sep 2022 14:19:54,952 INFO com.sismics.docs.core.util.indexing.LuceneIndexingHandler.initLucene(LuceneIndexingHandler.java:115) Using RAM Lucene storage 
06 Sep 2022 14:19:55,383 INFO com.sismics.docs.core.service.FileService.startUp(FileService.java:39) File service starting up 
06 Sep 2022 14:19:55,445 INFO com.sismics.docs.core.service.InboxService.startUp(InboxService.java:55) Inbox service starting up 
06 Sep 2022 14:23:08,542 INFO com.sismics.docs.core.service.InboxService.shutDown(InboxService.java:60) Inbox service shutting down 
06 Sep 2022 14:23:08,543 INFO com.sismics.docs.core.service.FileService.shutDown(FileService.java:44) File service shutting down 
06 Sep 2022 14:23:29,837 INFO com.sismics.util.jpa.EMF.getEntityManagerProperties(EMF.java:67) Configuring EntityManager from hibernate.properties 
06 Sep 2022 14:23:32,086 INFO com.sismics.util.jpa.DbOpenHelper.open(DbOpenHelper.java:57) Opening database and executing incremental updates 
06 Sep 2022 14:23:32,096 INFO com.sismics.util.jpa.DbOpenHelper.open(DbOpenHelper.java:106) Found database version 27, new version is 27, executing database incremental update scripts 
06 Sep 2022 14:23:32,110 INFO com.sismics.util.jpa.DbOpenHelper.open(DbOpenHelper.java:108) Database upgrade complete 
06 Sep 2022 14:23:32,111 INFO com.sismics.util.jpa.EMF.getEntityManagerProperties(EMF.java:67) Configuring EntityManager from hibernate.properties 
06 Sep 2022 14:23:37,843 INFO com.sismics.util.ClasspathScanner.findClasses(ClasspathScanner.java:48) Found 1 classes for IndexingHandler 
06 Sep 2022 14:23:38,008 INFO com.sismics.docs.core.util.indexing.LuceneIndexingHandler.initLucene(LuceneIndexingHandler.java:115) Using RAM Lucene storage 
06 Sep 2022 14:23:38,403 INFO com.sismics.docs.core.service.FileService.startUp(FileService.java:39) File service starting up 
06 Sep 2022 14:23:38,450 INFO com.sismics.docs.core.service.InboxService.startUp(InboxService.java:55) Inbox service starting up 
06 Sep 2022 15:21:55,752 INFO com.sismics.docs.core.service.InboxService.shutDown(InboxService.java:60) Inbox service shutting down 
06 Sep 2022 15:21:56,019 INFO com.sismics.docs.core.service.FileService.shutDown(FileService.java:44) File service shutting down 
